C51 COMPILER V9.56.0.0   BEEP                                                              04/30/2018 05:07:21 PAGE 1   


C51 COMPILER V9.56.0.0, COMPILATION OF MODULE BEEP
OBJECT MODULE PLACED IN ..\HexCode\beep.obj
COMPILER INVOKED BY: C:\Keil_v5\C51\BIN\C51.EXE ..\Output\beep.c OMF2 OPTIMIZE(8,SPEED) PRINT(.\beep.lst) TABS(2) OBJECT
                    -(..\HexCode\beep.obj)

line level    source

   1          #include "beep.h"
   2          #include "..\main\port.h"
   3          #include "..\public\public.h"    
   4                              
   5          
   6                


MODULE INFORMATION:   STATIC OVERLAYABLE
   CODE SIZE        =   ----    ----
   CONSTANT SIZE    =   ----    ----
   XDATA SIZE       =   ----    ----
   PDATA SIZE       =   ----    ----
   DATA SIZE        =   ----    ----
   IDATA SIZE       =   ----    ----
   BIT SIZE         =   ----    ----
   EDATA SIZE       =   ----    ----
   HDATA SIZE       =   ----    ----
   XDATA CONST SIZE =   ----    ----
   FAR CONST SIZE   =   ----    ----
END OF MODULE INFORMATION.


C51 COMPILATION COMPLETE.  0 WARNING(S),  0 ERROR(S)
