C51 COMPILER V9.56.0.0   COMMCMDS1                                                         04/30/2018 05:07:21 PAGE 1   


C51 COMPILER V9.56.0.0, COMPILATION OF MODULE COMMCMDS1
OBJECT MODULE PLACED IN ..\HexCode\CommCmdS1.obj
COMPILER INVOKED BY: C:\Keil_v5\C51\BIN\C51.EXE ..\Comm\CommCmdS1.c OMF2 OPTIMIZE(8,SPEED) PRINT(.\CommCmdS1.lst) TABS(2
                    -) OBJECT(..\HexCode\CommCmdS1.obj)

line level    source

   1          #include "CommCmdS1.h"
   2          #include "serialS1.h"
   3          #include "..\main\port.h" 
   4          #include "..\Output\led.h"
   5          #include "..\public\public.h"   
   6          
   7          /****************************************/
   8          void CommCmdS1_Init()
   9          {           
  10   1        S1_SendPtr = 0;               
  11   1          S1_SendPrcePtr = 0;       
  12   1        S1_TranPtr = 0;     
  13   1        S1_TranLen = 0;     
  14   1        S1_RecvPtr = 0;
  15   1        S1_RecvPrcePtr = 0;
  16   1        S1_RecvState = 0;
  17   1        S1_b_SendPrce = 0;
  18   1        S1_Recv_Idle_Count = 0;    
  19   1      }
  20          
  21          
  22          void CommCmdS1_Update()  
  23          {          
  24   1         uchar  j,k;         
  25   1          
  26   1         if(S1_GetRecvCount()==0) { return; }     
  27   1      //     
  28   1         k = S1_RecvPrcePtr;
  29   1         if((++S1_RecvPrcePtr)>=N_S1_RECV)
  30   1           {  S1_RecvPrcePtr = 0; }
  31   1            
  32   1      
  33   1        
  34   1        switch(S1_Recv_Buff[0][k])
  35   1        {                     
  36   2          case  0xc0:    // 返回编码  ok  单机连接     
  37   2             
  38   2               S1_Tran_Buff[2][S1_SendPtr] = 7;  
  39   2               S1_Tran_Buff[3][S1_SendPtr] = 0xc0;  
  40   2                for(j=0;j<S1_Tran_Buff[2][S1_SendPtr]-1;j++)
  41   2                  {             
  42   3                    S1_Tran_Buff[4+j][S1_SendPtr] = j;
  43   3                  }                    
  44   2      
  45   2                  if((++S1_SendPtr) >= N_S1_SEND)
  46   2                  { S1_SendPtr = 0; } 
  47   2                  SerialS1_Send(); 
  48   2                  
  49   2                  
  50   2          break;
  51   2               
  52   2               case  0xFF:
  53   2                         S1_Tran_Buff[2][S1_SendPtr] = 7;  
  54   2               S1_Tran_Buff[3][S1_SendPtr] = 0xFF;  
C51 COMPILER V9.56.0.0   COMMCMDS1                                                         04/30/2018 05:07:21 PAGE 2   

  55   2                for(j=0;j<S1_Tran_Buff[2][S1_SendPtr]-1;j++)
  56   2                  {             
  57   3                    S1_Tran_Buff[4+j][S1_SendPtr] = j;
  58   3                  }                    
  59   2                  
  60   2                  S1_Tran_Buff[7][S1_SendPtr] = S1_Recv_Buff[4][k];
  61   2                  S1_Tran_Buff[8][S1_SendPtr] = S1_Recv_Buff[5][k];
  62   2                  S1_Tran_Buff[9][S1_SendPtr] = S1_Recv_Buff[6][k];
  63   2                  if((++S1_SendPtr) >= N_S1_SEND)
  64   2                  { S1_SendPtr = 0; } 
  65   2                  SerialS1_Send(); 
  66   2                                            
  67   2                 break;
  68   2        
  69   2          
  70   2        default:
  71   2      
  72   2          break;
  73   2         } 
  74   1                  
  75   1      }


MODULE INFORMATION:   STATIC OVERLAYABLE
   CODE SIZE        =    349    ----
   CONSTANT SIZE    =   ----    ----
   XDATA SIZE       =   ----    ----
   PDATA SIZE       =   ----    ----
   DATA SIZE        =   ----       2
   IDATA SIZE       =   ----    ----
   BIT SIZE         =   ----    ----
   EDATA SIZE       =   ----    ----
   HDATA SIZE       =   ----    ----
   XDATA CONST SIZE =   ----    ----
   FAR CONST SIZE   =   ----    ----
END OF MODULE INFORMATION.


C51 COMPILATION COMPLETE.  0 WARNING(S),  0 ERROR(S)
