C51 COMPILER V9.56.0.0   COMMCMDS2                                                         04/30/2018 05:07:21 PAGE 1   


C51 COMPILER V9.56.0.0, COMPILATION OF MODULE COMMCMDS2
OBJECT MODULE PLACED IN ..\HexCode\CommCmdS2.obj
COMPILER INVOKED BY: C:\Keil_v5\C51\BIN\C51.EXE ..\Comm\CommCmdS2.c OMF2 OPTIMIZE(8,SPEED) PRINT(.\CommCmdS2.lst) TABS(2
                    -) OBJECT(..\HexCode\CommCmdS2.obj)

line level    source

   1          #include "CommCmdS2.h"
   2          #include "serialS2.h"
   3          //#include "serialS1.h"      
   4          #include "..\main\port.h"          
   5          #include "..\public\public.h" 
   6          
   7          /****************************************/
   8          void CommCmdS2_Init()    //485 串口2 到电能质量检测仪
   9          { 
  10   1        S2_SendPtr = 0;               
  11   1          S2_SendPrcePtr = 0;       
  12   1        S2_TranPtr = 0;     
  13   1        S2_TranLen = 0;     
  14   1        S2_RecvPtr = 0;
  15   1        S2_RecvPrcePtr = 0;
  16   1        S2_RecvState = 0;
  17   1        S2_b_SendPrce = 0;
  18   1        S2_Recv_Idle_Count = 0;                                   
  19   1      }
  20           
  21          
  22          void CommCmdS2_Update()    //485 串口2 到电能质量检测仪
  23          { 
  24   1         uchar  j,k;         
  25   1          
  26   1         if(S2_GetRecvCount()==0) { return; }     
  27   1           
  28   1         k = S2_RecvPrcePtr;
  29   1         if((++S2_RecvPrcePtr)>=N_S2_RECV)
  30   1           {  S2_RecvPrcePtr = 0; }
  31   1                         
  32   1        switch(S2_Recv_Buff[0][k])
  33   1        {                     
  34   2          case  0xc0:    // 返回编码  ok  单机连接     
  35   2             S2_Tran_Buff[2][S2_SendPtr] = 7;  
  36   2               S2_Tran_Buff[3][S2_SendPtr] = 0xc0;  
  37   2           for(j=0;j< S2_Tran_Buff[2][S2_SendPtr]-1;j++)
  38   2           {              
  39   3                S2_Tran_Buff[4+j][S2_SendPtr] = j;
  40   3           }                     
  41   2      
  42   2               if((++S2_SendPtr) >= N_S2_SEND)
  43   2               { S2_SendPtr = 0; }  
  44   2           SerialS2_Send();  
  45   2          break;
  46   2          
  47   2        default:
  48   2          
  49   2          break;
  50   2         }  
  51   1      }
  52          


C51 COMPILER V9.56.0.0   COMMCMDS2                                                         04/30/2018 05:07:21 PAGE 2   

MODULE INFORMATION:   STATIC OVERLAYABLE
   CODE SIZE        =    156    ----
   CONSTANT SIZE    =   ----    ----
   XDATA SIZE       =   ----    ----
   PDATA SIZE       =   ----    ----
   DATA SIZE        =   ----    ----
   IDATA SIZE       =   ----    ----
   BIT SIZE         =   ----    ----
   EDATA SIZE       =   ----    ----
   HDATA SIZE       =   ----    ----
   XDATA CONST SIZE =   ----    ----
   FAR CONST SIZE   =   ----    ----
END OF MODULE INFORMATION.


C51 COMPILATION COMPLETE.  0 WARNING(S),  0 ERROR(S)
