C51 COMPILER V9.56.0.0   COMMCMDALL                                                        04/30/2018 05:07:21 PAGE 1   


C51 COMPILER V9.56.0.0, COMPILATION OF MODULE COMMCMDALL
OBJECT MODULE PLACED IN ..\HexCode\CommCmdAll.obj
COMPILER INVOKED BY: C:\Keil_v5\C51\BIN\C51.EXE ..\Comm\CommCmdAll.c OMF2 OPTIMIZE(8,SPEED) PRINT(.\CommCmdAll.lst) TABS
                    -(2) OBJECT(..\HexCode\CommCmdAll.obj)

line level    source

   1          #include "CommCmdAll.h"
   2          #include "CommCmdS1.h"
   3          #include "CommCmdS2.h"
   4          #include "serialS1.h"
   5          #include "serialS2.h"             
   6          #include "..\main\ext_reg.h" 
   7          #include "..\main\port.h"      
   8          #include "..\public\public.h"
   9          
  10          
  11          void CommCmdAll_Init()
  12          {
  13   1        SerialS1_Init(); 
  14   1        SerialS2_Init();     
  15   1       
  16   1      
  17   1        CommCmdS1_Init();  
  18   1        CommCmdS2_Init();  
  19   1      
  20   1      }
  21          void SerialAll_Update()
  22          {            
  23   1          SerialS1_Update(); 
  24   1          SerialS2_Update();     
  25   1       
  26   1      }
  27          
  28          void CommCmdAll_Update()
  29          {
  30   1        CommCmdS1_Update(); 
  31   1        CommCmdS2_Update();   
  32   1       
  33   1      }
  34          


MODULE INFORMATION:   STATIC OVERLAYABLE
   CODE SIZE        =     24    ----
   CONSTANT SIZE    =   ----    ----
   XDATA SIZE       =   ----    ----
   PDATA SIZE       =   ----    ----
   DATA SIZE        =   ----    ----
   IDATA SIZE       =   ----    ----
   BIT SIZE         =   ----    ----
   EDATA SIZE       =   ----    ----
   HDATA SIZE       =   ----    ----
   XDATA CONST SIZE =   ----    ----
   FAR CONST SIZE   =   ----    ----
END OF MODULE INFORMATION.


C51 COMPILATION COMPLETE.  0 WARNING(S),  0 ERROR(S)
