C51 COMPILER V9.56.0.0   FLASHROM                                                          04/30/2018 05:07:22 PAGE 1   


C51 COMPILER V9.56.0.0, COMPILATION OF MODULE FLASHROM
OBJECT MODULE PLACED IN ..\HexCode\FlashRom.obj
COMPILER INVOKED BY: C:\Keil_v5\C51\BIN\C51.EXE ..\Memory\FlashRom.c OMF2 OPTIMIZE(8,SPEED) PRINT(.\FlashRom.lst) TABS(2
                    -) OBJECT(..\HexCode\FlashRom.obj)

line level    source

   1          #include "flashrom.h"
   2          #include "..\main\ext_reg.h"
   3          #include "..\Comm\serialS1.h"
   4          #include "..\main\port.h"
   5           
   6               
   7          
   8          
   9          
  10          
  11          
  12          
  13          
  14          
  15          
  16          
  17          
  18          
  19          
  20          
  21          
  22          
  23          


MODULE INFORMATION:   STATIC OVERLAYABLE
   CODE SIZE        =   ----    ----
   CONSTANT SIZE    =   ----    ----
   XDATA SIZE       =   ----    ----
   PDATA SIZE       =   ----    ----
   DATA SIZE        =   ----    ----
   IDATA SIZE       =   ----    ----
   BIT SIZE         =   ----    ----
   EDATA SIZE       =   ----    ----
   HDATA SIZE       =   ----    ----
   XDATA CONST SIZE =   ----    ----
   FAR CONST SIZE   =   ----    ----
END OF MODULE INFORMATION.


C51 COMPILATION COMPLETE.  0 WARNING(S),  0 ERROR(S)
