C51 COMPILER V9.56.0.0   INPUT                                                             04/30/2018 05:07:21 PAGE 1   


C51 COMPILER V9.56.0.0, COMPILATION OF MODULE INPUT
OBJECT MODULE PLACED IN ..\HexCode\Input.obj
COMPILER INVOKED BY: C:\Keil_v5\C51\BIN\C51.EXE ..\Input\Input.c OMF2 OPTIMIZE(8,SPEED) PRINT(.\Input.lst) TABS(2) OBJEC
                    -T(..\HexCode\Input.obj)

line level    source

   1          #include "input.h"           
   2          #include "..\public\public.h"       
   3          #include "..\main\port.h"            
   4          #include "..\Comm\serialS1.h"                                                    
   5          #include "..\Comm\serialS2.h"        
   6          void Input_Init()
   7          {             
   8   1      }           
   9           
  10          void Input_Update()
  11          {                     
  12   1        
  13   1      }     
  14          
  15          
  16          
  17          
  18          
  19          
  20          
  21          
  22          
  23          
  24          
  25          
  26          
  27          
  28          
  29          
  30          
  31          
  32          
  33          
  34          
  35          
  36          
  37          
  38          
  39          
  40          
  41          
  42          
  43          
  44          
  45          
  46          
  47          
  48          
  49          
  50          
  51          
  52          
  53          
  54          
C51 COMPILER V9.56.0.0   INPUT                                                             04/30/2018 05:07:21 PAGE 2   

  55          
  56          
  57          
  58          
  59          
  60          
  61          
  62          
  63          
  64          
  65          
  66          
  67          
  68          
  69          
  70          
  71          
  72          
  73          
  74          
  75          
  76          
  77          
  78          
  79          
  80          
  81          
  82          
  83          
  84                    
  85          
  86          


MODULE INFORMATION:   STATIC OVERLAYABLE
   CODE SIZE        =      2    ----
   CONSTANT SIZE    =   ----    ----
   XDATA SIZE       =   ----    ----
   PDATA SIZE       =   ----    ----
   DATA SIZE        =   ----    ----
   IDATA SIZE       =   ----    ----
   BIT SIZE         =   ----    ----
   EDATA SIZE       =   ----    ----
   HDATA SIZE       =   ----    ----
   XDATA CONST SIZE =   ----    ----
   FAR CONST SIZE   =   ----    ----
END OF MODULE INFORMATION.


C51 COMPILATION COMPLETE.  0 WARNING(S),  0 ERROR(S)
