C51 COMPILER V9.56.0.0   LED                                                               04/30/2018 05:07:21 PAGE 1   


C51 COMPILER V9.56.0.0, COMPILATION OF MODULE LED
OBJECT MODULE PLACED IN ..\HexCode\led.obj
COMPILER INVOKED BY: C:\Keil_v5\C51\BIN\C51.EXE ..\Output\led.c OMF2 OPTIMIZE(8,SPEED) PRINT(.\led.lst) TABS(2) OBJECT(.
                    -.\HexCode\led.obj)

line level    source

   1          #include "led.h"
   2          #include "..\main\port.h"
   3          #include <intrins.h>  
   4          #include "..\public\public.h"
   5                            
   6          
   7          
   8          
   9          
  10          
  11          
  12          
  13          


MODULE INFORMATION:   STATIC OVERLAYABLE
   CODE SIZE        =   ----    ----
   CONSTANT SIZE    =   ----    ----
   XDATA SIZE       =   ----    ----
   PDATA SIZE       =   ----    ----
   DATA SIZE        =   ----    ----
   IDATA SIZE       =   ----    ----
   BIT SIZE         =   ----    ----
   EDATA SIZE       =   ----    ----
   HDATA SIZE       =   ----    ----
   XDATA CONST SIZE =   ----    ----
   FAR CONST SIZE   =   ----    ----
END OF MODULE INFORMATION.


C51 COMPILATION COMPLETE.  0 WARNING(S),  0 ERROR(S)
