C51 COMPILER V9.56.0.0   MAIN                                                              04/30/2018 05:07:21 PAGE 1   


C51 COMPILER V9.56.0.0, COMPILATION OF MODULE MAIN
OBJECT MODULE PLACED IN ..\HexCode\Main.obj
COMPILER INVOKED BY: C:\Keil_v5\C51\BIN\C51.EXE ..\Main\Main.c OMF2 OPTIMIZE(8,SPEED) PRINT(.\Main.lst) TABS(2) OBJECT(.
                    -.\HexCode\Main.obj)

line level    source

   1          #include "Main.h" 
   2          #include "Ext_Reg.h"
   3          #include "Pub_Reg.h"                 // 数据定义
   4          #include "port.h"                    // 端口定义
   5          #include "hsch51.h"                  // 中断定义
   6          #include "0_02_11h.h"                // 定时器           
   7          #include "..\input\input.h"          // 输入集合      
   8          #include "..\output\output.h"        // 输出集合     
   9          #include "..\Comm\CommCmdAll.h"      
  10          #include "..\Memory\memory.h"        
  11          #include "..\Memory\flashrom.h"     
  12          #include "..\Decision\Decision.h"
  13          #include "..\Error\Error.h"
  14          #include "..\public\public.h"
  15          
  16          
  17          void Comm_Update(void);
  18          void Dispatch_Init(void);
  19          void Dispatch_Update(void);  
  20          
  21          ///////////////////////////////////////////////////////////////////
  22          /*
  23          void Power_Down(void) interrupt INTERRUPT_Ext_1_Overflow  
  24          {
  25            EX1 = 0;   // 禁止外部中断1中断        
  26            EX1 = 1;
  27          }
  28          */
  29          ///////////////////////////////////////////////////////////////////
  30          
  31          void main(void)
  32          {               
  33   1        AUXR = 0x00;//    使用XRAM        外部RAM       
  34   1          WDT_CONTR = 0x37;                  
  35   1       
  36   1        P0M1 = 0x20;    // 0010 0000 b  
  37   1        P0M0 = 0xc0;    // 1100 0000 b       
  38   1        
  39   1        P1M1 = 0x00;    // 0000 0000 b    
  40   1        P1M0 = 0x00;    // 0000 0000 b
  41   1        
  42   1        P2M1 = 0x00;    // 0001 0000 b
  43   1        P2M0 = 0x01;    // 1100 0000 b     
  44   1        
  45   1        P3M1 = 0x00;    // 0100 0000 b
  46   1        P3M0 = 0x10;    // 0000 0000 b   
  47   1        
  48   1        P4M1 = 0x00;    // 0000 0000 b
  49   1        P4M0 = 0x3c;    // 0011 1100 b
  50   1      
  51   1                        
  52   1          Dispatch_Init();           //任务调度初始化
  53   1          hSCH_Init_T0();                     //中断初始化
  54   1          hSCH_Add_Task(Comm_Update, 0, 1, 0);  // 2ms    //添加任务 （通信进程，延时，运行周期，不给抢占）
C51 COMPILER V9.56.0.0   MAIN                                                              04/30/2018 05:07:21 PAGE 2   

  55   1          hSCH_Add_Task(Dispatch_Update, 0,100, 1);   //100*2ms = 200ms(实测 2016-03-20)  
  56   1                                                     
  57   1          //启动计划程序
  58   1          hSCH_Start();        //开启任务调度服务的中断
  59   1                                        
  60   1          while(1)
  61   1        {
  62   2          hSCH_Dispatch_Tasks();        //任务调度函数
  63   2        }
  64   1      }                   
  65                           
  66          void Comm_Update()              //通用通信
  67          {  
  68   1         SerialAll_Update();      
  69   1      }
  70          
  71          void Dispatch_Update()             //调度更新
  72          {                        
  73   1        WDT_CONTR = 0x35;          
  74   1        
  75   1        // 0.检查软件陷阱
  76   1        if(!b_Soft_Trap1) 
  77   1         { b_SYS_RESET = 1; }
  78   1        if(b_Soft_Trap2)  
  79   1         { b_SYS_RESET = 1; } 
  80   1        if(b_SYS_RESET)   
  81   1         { while(1); }                 //如果有软件陷阱，则卡住，等待看门狗复位
  82   1            
  83   1          // 1.输入               
  84   1        Input_Update(); 
  85   1               
  86   1        // 2.逻辑
  87   1        Decision_Update();     
  88   1      
  89   1        // 3.错误检查
  90   1        Error_Update();
  91   1      
  92   1        // 4.内存
  93   1        Memory_Update();     
  94   1                      
  95   1        // 5.通讯
  96   1        CommCmdAll_Update(); 
  97   1      
  98   1        // 6.输出
  99   1        Output_Update();  
 100   1            
 101   1        gTimeTick++;
 102   1        if(gTimeTick>=10)
 103   1        {     
 104   2           gTimeTick = 0; 
 105   2            
 106   2          }
 107   1      }           
 108          
 109          void Dispatch_Init()   
 110          {         
 111   1         // 软件陷阱        
 112   1         b_SYS_RESET  = 0; 
 113   1         b_Soft_Trap1 = 1;
 114   1         b_Soft_Trap2 = 0;      
 115   1           
 116   1         // 初始化
C51 COMPILER V9.56.0.0   MAIN                                                              04/30/2018 05:07:21 PAGE 3   

 117   1         Memory_Init();                 
 118   1         Output_Init();       
 119   1         Input_Init();       
 120   1         CommCmdAll_Init();  
 121   1         Decision_Init();
 122   1         Error_Init();  
 123   1         
 124   1         gTimeTick = 0;            
 125   1      }
 126          
 127                     
 128           
 129          
 130          


MODULE INFORMATION:   STATIC OVERLAYABLE
   CODE SIZE        =    176    ----
   CONSTANT SIZE    =   ----    ----
   XDATA SIZE       =    300    ----
   PDATA SIZE       =   ----    ----
   DATA SIZE        =   ----    ----
   IDATA SIZE       =      4    ----
   BIT SIZE         =      9    ----
   EDATA SIZE       =   ----    ----
   HDATA SIZE       =   ----    ----
   XDATA CONST SIZE =   ----    ----
   FAR CONST SIZE   =   ----    ----
END OF MODULE INFORMATION.


C51 COMPILATION COMPLETE.  0 WARNING(S),  0 ERROR(S)
