C51 COMPILER V9.56.0.0   MEMORY                                                            04/30/2018 05:07:22 PAGE 1   


C51 COMPILER V9.56.0.0, COMPILATION OF MODULE MEMORY
OBJECT MODULE PLACED IN ..\HexCode\memory.obj
COMPILER INVOKED BY: C:\Keil_v5\C51\BIN\C51.EXE ..\Memory\memory.c OMF2 OPTIMIZE(8,SPEED) PRINT(.\memory.lst) TABS(2) OB
                    -JECT(..\HexCode\memory.obj)

line level    source

   1          #include "memory.h"   
   2          #include "..\main\ext_reg.h" 
   3          #include "FlashRom.h"       
   4                                      
   5          
   6          void Memory_Init()
   7          {   
   8   1      
   9   1      } 
  10          
  11          void Memory_Update()
  12          {   
  13   1        
  14   1      }                   
  15                     
  16                    
  17                      
  18                   
  19                                 
  20                        
  21          
  22               
  23               
  24                     
  25                          
  26                  
  27                                 
  28          
  29          
  30          


MODULE INFORMATION:   STATIC OVERLAYABLE
   CODE SIZE        =      2    ----
   CONSTANT SIZE    =   ----    ----
   XDATA SIZE       =   ----    ----
   PDATA SIZE       =   ----    ----
   DATA SIZE        =   ----    ----
   IDATA SIZE       =   ----    ----
   BIT SIZE         =   ----    ----
   EDATA SIZE       =   ----    ----
   HDATA SIZE       =   ----    ----
   XDATA CONST SIZE =   ----    ----
   FAR CONST SIZE   =   ----    ----
END OF MODULE INFORMATION.


C51 COMPILATION COMPLETE.  0 WARNING(S),  0 ERROR(S)
