C51 COMPILER V9.56.0.0   OUTPUT                                                            04/30/2018 05:07:21 PAGE 1   


C51 COMPILER V9.56.0.0, COMPILATION OF MODULE OUTPUT
OBJECT MODULE PLACED IN ..\HexCode\Output.obj
COMPILER INVOKED BY: C:\Keil_v5\C51\BIN\C51.EXE ..\Output\Output.c OMF2 OPTIMIZE(8,SPEED) PRINT(.\Output.lst) TABS(2) OB
                    -JECT(..\HexCode\Output.obj)

line level    source

   1          #include "output.h"   
   2          #include "beep.h"    
   3          #include "led.h"     
   4          #include "..\main\ext_reg.h"
   5          #include "..\public\public.h"   
   6          
   7          
   8          #include "..\comm\SerialS1.h"
   9          
  10          void Output_Init()
  11          {     
  12   1      
  13   1      }
  14          
  15          void Output_Update()   
  16          { 
  17   1      
  18   1      }
  19               


MODULE INFORMATION:   STATIC OVERLAYABLE
   CODE SIZE        =      2    ----
   CONSTANT SIZE    =   ----    ----
   XDATA SIZE       =   ----    ----
   PDATA SIZE       =   ----    ----
   DATA SIZE        =   ----    ----
   IDATA SIZE       =   ----    ----
   BIT SIZE         =   ----    ----
   EDATA SIZE       =   ----    ----
   HDATA SIZE       =   ----    ----
   XDATA CONST SIZE =   ----    ----
   FAR CONST SIZE   =   ----    ----
END OF MODULE INFORMATION.


C51 COMPILATION COMPLETE.  0 WARNING(S),  0 ERROR(S)
